PLINK v1.90b6.24 64-bit (6 Jun 2021)
Options in effect:
  --file /gdata02/user/yufeiliu/LT-IMP/GRAB/RPGWAS/markers_for_RPGWAS_lambda
  --make-bed
  --out /gdata02/user/yufeiliu/LT-IMP/GRAB/RPGWAS/markers_for_RPGWAS_lambda

Hostname: io01
Working directory: /gdata02/user/yufeiliu/LT-IMP
Start time: Wed Feb 26 14:41:22 2025

Random number seed: 1740552082
128230 MB RAM detected; reserving 64115 MB for main workspace.
Scanning .ped file... done.
Performing single-pass .bed write (1000 variants, 1000 people).
--file:
/gdata02/user/yufeiliu/LT-IMP/GRAB/RPGWAS/markers_for_RPGWAS_lambda-temporary.bed
+
/gdata02/user/yufeiliu/LT-IMP/GRAB/RPGWAS/markers_for_RPGWAS_lambda-temporary.bim
+
/gdata02/user/yufeiliu/LT-IMP/GRAB/RPGWAS/markers_for_RPGWAS_lambda-temporary.fam
written.
1000 variants loaded from .bim file.
1000 people (1000 males, 0 females) loaded from .fam.
Using 1 thread (no multithreaded calculations invoked).
Before main variant filters, 1000 founders and 0 nonfounders present.
Calculating allele frequencies... done.
Total genotyping rate is exactly 1.
1000 variants and 1000 people pass filters and QC.
Note: No phenotypes present.
--make-bed to
/gdata02/user/yufeiliu/LT-IMP/GRAB/RPGWAS/markers_for_RPGWAS_lambda.bed +
/gdata02/user/yufeiliu/LT-IMP/GRAB/RPGWAS/markers_for_RPGWAS_lambda.bim +
/gdata02/user/yufeiliu/LT-IMP/GRAB/RPGWAS/markers_for_RPGWAS_lambda.fam ...
done.

End time: Wed Feb 26 14:41:22 2025
